This file contains any messages produced by compilers while
running configure, to aid debugging if configure makes a mistake.

It was created by configure, which was
generated by GNU Autoconf 2.59.  Invocation command line was

  $ ./configure --prefix=/usr/local --cache-file=/dev/null --srcdir=.

## --------- ##
## Platform. ##
## --------- ##

hostname = oldfriend
uname -m = i686
uname -r = 2.6.24.4-64.fc8
uname -s = Linux
uname -v = #1 SMP Sat Mar 29 09:54:46 EDT 2008

/usr/bin/uname -p = unknown
/bin/uname -X     = unknown

/bin/arch              = i686
/usr/bin/arch -k       = unknown
/usr/convex/getsysinfo = unknown
hostinfo               = unknown
/bin/machine           = unknown
/usr/bin/oslevel       = unknown
/bin/universe          = unknown

PATH: /usr/kerberos/bin
PATH: /usr/lib/ccache
PATH: /usr/local/bin
PATH: /usr/bin
PATH: /bin
PATH: /usr/X11R6/bin
PATH: /home/claudiu/bin


## ----------- ##
## Core tests. ##
## ----------- ##

configure:1373: checking for gcc
configure:1389: found /usr/lib/ccache/gcc
configure:1399: result: gcc
configure:1643: checking for C compiler version
configure:1646: gcc --version </dev/null >&5
gcc (GCC) 4.1.2 20070925 (Red Hat 4.1.2-33)
Copyright (C) 2006 Free Software Foundation, Inc.
This is free software; see the source for copying conditions.  There is NO
warranty; not even for MERCHANTABILITY or FITNESS FOR A PARTICULAR PURPOSE.

configure:1649: $? = 0
configure:1651: gcc -v </dev/null >&5
Using built-in specs.
Target: i386-redhat-linux
Configured with: ../configure --prefix=/usr --mandir=/usr/share/man --infodir=/usr/share/info --enable-shared --enable-threads=posix --enable-checking=release --with-system-zlib --enable-__cxa_atexit --disable-libunwind-exceptions --enable-languages=c,c++,objc,obj-c++,java,fortran,ada --enable-java-awt=gtk --disable-dssi --enable-plugin --with-java-home=/usr/lib/jvm/java-1.5.0-gcj-1.5.0.0/jre --enable-libgcj-multifile --enable-java-maintainer-mode --with-ecj-jar=/usr/share/java/eclipse-ecj.jar --with-cpu=generic --host=i386-redhat-linux
Thread model: posix
gcc version 4.1.2 20070925 (Red Hat 4.1.2-33)
configure:1654: $? = 0
configure:1656: gcc -V </dev/null >&5
gcc: '-V' option must have argument
configure:1659: $? = 1
configure:1682: checking for C compiler default output file name
configure:1685: gcc    conftest.c  >&5
configure:1688: $? = 0
configure:1734: result: a.out
configure:1739: checking whether the C compiler works
configure:1745: ./a.out
configure:1748: $? = 0
configure:1765: result: yes
configure:1772: checking whether we are cross compiling
configure:1774: result: no
configure:1777: checking for suffix of executables
configure:1779: gcc -o conftest    conftest.c  >&5
configure:1782: $? = 0
configure:1807: result: 
configure:1813: checking for suffix of object files
configure:1834: gcc -c   conftest.c >&5
configure:1837: $? = 0
configure:1859: result: o
configure:1863: checking whether we are using the GNU C compiler
configure:1887: gcc -c   conftest.c >&5
configure:1893: $? = 0
configure:1897: test -z 
			 || test ! -s conftest.err
configure:1900: $? = 0
configure:1903: test -s conftest.o
configure:1906: $? = 0
configure:1919: result: yes
configure:1925: checking whether gcc accepts -g
configure:1946: gcc -c -g  conftest.c >&5
configure:1952: $? = 0
configure:1956: test -z 
			 || test ! -s conftest.err
configure:1959: $? = 0
configure:1962: test -s conftest.o
configure:1965: $? = 0
configure:1976: result: yes
configure:1993: checking for gcc option to accept ANSI C
configure:2063: gcc  -c -g -O2  conftest.c >&5
configure:2069: $? = 0
configure:2073: test -z 
			 || test ! -s conftest.err
configure:2076: $? = 0
configure:2079: test -s conftest.o
configure:2082: $? = 0
configure:2100: result: none needed
configure:2118: gcc -c -g -O2  conftest.c >&5
conftest.c:2: error: expected '=', ',', ';', 'asm' or '__attribute__' before 'me'
configure:2124: $? = 1
configure: failed program was:
| #ifndef __cplusplus
|   choke me
| #endif
configure:2259: checking for ar
configure:2277: found /usr/bin/ar
configure:2289: result: /usr/bin/ar
configure:2296: checking whether ln -s works
configure:2300: result: yes
configure:2320: checking for a BSD-compatible install
configure:2375: result: /usr/bin/install -c
configure:2408: checking if we need -pthread for threads
configure:2431: gcc -o conftest -Wall  -pthread  conftest.c  >&5
configure:2437: $? = 0
configure:2441: test -z 
			 || test ! -s conftest.err
configure:2444: $? = 0
configure:2447: test -s conftest
configure:2450: $? = 0
configure:2466: result: yes
configure:2480: checking for pthread_create in -lpthread
configure:2510: gcc -o conftest -Wall   conftest.c -lpthread   >&5
configure:2516: $? = 0
configure:2520: test -z 
			 || test ! -s conftest.err
configure:2523: $? = 0
configure:2526: test -s conftest
configure:2529: $? = 0
configure:2542: result: yes
configure:2554: checking for thr_create in -lthread
configure:2584: gcc -o conftest -Wall   conftest.c -lthread  -lpthread  >&5
/usr/bin/ld: cannot find -lthread
collect2: ld returned 1 exit status
configure:2590: $? = 1
configure: failed program was:
| /* confdefs.h.  */
| 
| #define PACKAGE_NAME ""
| #define PACKAGE_TARNAME ""
| #define PACKAGE_VERSION ""
| #define PACKAGE_STRING ""
| #define PACKAGE_BUGREPORT ""
| #define HAVE_LIBPTHREAD 1
| /* end confdefs.h.  */
| 
| /* Override any gcc2 internal prototype to avoid an error.  */
| #ifdef __cplusplus
| extern "C"
| #endif
| /* We use char because int might match the return type of a gcc2
|    builtin and then its argument prototype would still apply.  */
| char thr_create ();
| int
| main ()
| {
| thr_create ();
|   ;
|   return 0;
| }
configure:2616: result: no
configure:2628: checking for sem_wait in -lposix4
configure:2658: gcc -o conftest -Wall   conftest.c -lposix4  -lpthread  >&5
/usr/bin/ld: cannot find -lposix4
collect2: ld returned 1 exit status
configure:2664: $? = 1
configure: failed program was:
| /* confdefs.h.  */
| 
| #define PACKAGE_NAME ""
| #define PACKAGE_TARNAME ""
| #define PACKAGE_VERSION ""
| #define PACKAGE_STRING ""
| #define PACKAGE_BUGREPORT ""
| #define HAVE_LIBPTHREAD 1
| /* end confdefs.h.  */
| 
| /* Override any gcc2 internal prototype to avoid an error.  */
| #ifdef __cplusplus
| extern "C"
| #endif
| /* We use char because int might match the return type of a gcc2
|    builtin and then its argument prototype would still apply.  */
| char sem_wait ();
| int
| main ()
| {
| sem_wait ();
|   ;
|   return 0;
| }
configure:2690: result: no
configure:2713: checking build system type
configure:2731: result: i686-pc-linux-gnu
configure:2739: checking host system type
configure:2753: result: i686-pc-linux-gnu
configure:2811: checking how to run the C preprocessor
configure:2846: gcc -E  conftest.c
configure:2852: $? = 0
configure:2884: gcc -E  conftest.c
conftest.c:10:28: error: ac_nonexistent.h: No such file or directory
configure:2890: $? = 1
configure: failed program was:
| /* confdefs.h.  */
| 
| #define PACKAGE_NAME ""
| #define PACKAGE_TARNAME ""
| #define PACKAGE_VERSION ""
| #define PACKAGE_STRING ""
| #define PACKAGE_BUGREPORT ""
| #define HAVE_LIBPTHREAD 1
| /* end confdefs.h.  */
| #include <ac_nonexistent.h>
configure:2929: result: gcc -E
configure:2953: gcc -E  conftest.c
configure:2959: $? = 0
configure:2991: gcc -E  conftest.c
conftest.c:10:28: error: ac_nonexistent.h: No such file or directory
configure:2997: $? = 1
configure: failed program was:
| /* confdefs.h.  */
| 
| #define PACKAGE_NAME ""
| #define PACKAGE_TARNAME ""
| #define PACKAGE_VERSION ""
| #define PACKAGE_STRING ""
| #define PACKAGE_BUGREPORT ""
| #define HAVE_LIBPTHREAD 1
| /* end confdefs.h.  */
| #include <ac_nonexistent.h>
configure:3041: checking for egrep
configure:3051: result: grep -E
configure:3056: checking for ANSI C header files
configure:3081: gcc -c -Wall  conftest.c >&5
configure:3087: $? = 0
configure:3091: test -z 
			 || test ! -s conftest.err
configure:3094: $? = 0
configure:3097: test -s conftest.o
configure:3100: $? = 0
configure:3189: gcc -o conftest -Wall   conftest.c  >&5
conftest.c: In function 'main':
conftest.c:27: warning: implicit declaration of function 'exit'
conftest.c:27: warning: incompatible implicit declaration of built-in function 'exit'
configure:3192: $? = 0
configure:3194: ./conftest
configure:3197: $? = 0
configure:3212: result: yes
configure:3236: checking for sys/types.h
configure:3252: gcc -c -Wall  conftest.c >&5
configure:3258: $? = 0
configure:3262: test -z 
			 || test ! -s conftest.err
configure:3265: $? = 0
configure:3268: test -s conftest.o
configure:3271: $? = 0
configure:3282: result: yes
configure:3236: checking for sys/stat.h
configure:3252: gcc -c -Wall  conftest.c >&5
configure:3258: $? = 0
configure:3262: test -z 
			 || test ! -s conftest.err
configure:3265: $? = 0
configure:3268: test -s conftest.o
configure:3271: $? = 0
configure:3282: result: yes
configure:3236: checking for stdlib.h
configure:3252: gcc -c -Wall  conftest.c >&5
configure:3258: $? = 0
configure:3262: test -z 
			 || test ! -s conftest.err
configure:3265: $? = 0
configure:3268: test -s conftest.o
configure:3271: $? = 0
configure:3282: result: yes
configure:3236: checking for string.h
configure:3252: gcc -c -Wall  conftest.c >&5
configure:3258: $? = 0
configure:3262: test -z 
			 || test ! -s conftest.err
configure:3265: $? = 0
configure:3268: test -s conftest.o
configure:3271: $? = 0
configure:3282: result: yes
configure:3236: checking for memory.h
configure:3252: gcc -c -Wall  conftest.c >&5
configure:3258: $? = 0
configure:3262: test -z 
			 || test ! -s conftest.err
configure:3265: $? = 0
configure:3268: test -s conftest.o
configure:3271: $? = 0
configure:3282: result: yes
configure:3236: checking for strings.h
configure:3252: gcc -c -Wall  conftest.c >&5
configure:3258: $? = 0
configure:3262: test -z 
			 || test ! -s conftest.err
configure:3265: $? = 0
configure:3268: test -s conftest.o
configure:3271: $? = 0
configure:3282: result: yes
configure:3236: checking for inttypes.h
configure:3252: gcc -c -Wall  conftest.c >&5
configure:3258: $? = 0
configure:3262: test -z 
			 || test ! -s conftest.err
configure:3265: $? = 0
configure:3268: test -s conftest.o
configure:3271: $? = 0
configure:3282: result: yes
configure:3236: checking for stdint.h
configure:3252: gcc -c -Wall  conftest.c >&5
configure:3258: $? = 0
configure:3262: test -z 
			 || test ! -s conftest.err
configure:3265: $? = 0
configure:3268: test -s conftest.o
configure:3271: $? = 0
configure:3282: result: yes
configure:3236: checking for unistd.h
configure:3252: gcc -c -Wall  conftest.c >&5
configure:3258: $? = 0
configure:3262: test -z 
			 || test ! -s conftest.err
configure:3265: $? = 0
configure:3268: test -s conftest.o
configure:3271: $? = 0
configure:3282: result: yes
configure:3294: checking for char
configure:3318: gcc -c -Wall  conftest.c >&5
configure:3324: $? = 0
configure:3328: test -z 
			 || test ! -s conftest.err
configure:3331: $? = 0
configure:3334: test -s conftest.o
configure:3337: $? = 0
configure:3348: result: yes
configure:3351: checking size of char
configure:3670: gcc -o conftest -Wall   conftest.c  >&5
configure:3673: $? = 0
configure:3675: ./conftest
configure:3678: $? = 0
configure:3701: result: 1
configure:3708: checking for short
configure:3732: gcc -c -Wall  conftest.c >&5
configure:3738: $? = 0
configure:3742: test -z 
			 || test ! -s conftest.err
configure:3745: $? = 0
configure:3748: test -s conftest.o
configure:3751: $? = 0
configure:3762: result: yes
configure:3765: checking size of short
configure:4084: gcc -o conftest -Wall   conftest.c  >&5
configure:4087: $? = 0
configure:4089: ./conftest
configure:4092: $? = 0
configure:4115: result: 2
configure:4122: checking for int
configure:4146: gcc -c -Wall  conftest.c >&5
configure:4152: $? = 0
configure:4156: test -z 
			 || test ! -s conftest.err
configure:4159: $? = 0
configure:4162: test -s conftest.o
configure:4165: $? = 0
configure:4176: result: yes
configure:4179: checking size of int
configure:4498: gcc -o conftest -Wall   conftest.c  >&5
configure:4501: $? = 0
configure:4503: ./conftest
configure:4506: $? = 0
configure:4529: result: 4
configure:4536: checking for long
configure:4560: gcc -c -Wall  conftest.c >&5
configure:4566: $? = 0
configure:4570: test -z 
			 || test ! -s conftest.err
configure:4573: $? = 0
configure:4576: test -s conftest.o
configure:4579: $? = 0
configure:4590: result: yes
configure:4593: checking size of long
configure:4912: gcc -o conftest -Wall   conftest.c  >&5
configure:4915: $? = 0
configure:4917: ./conftest
configure:4920: $? = 0
configure:4943: result: 4
configure:4950: checking for long long
configure:4974: gcc -c -Wall  conftest.c >&5
configure:4980: $? = 0
configure:4984: test -z 
			 || test ! -s conftest.err
configure:4987: $? = 0
configure:4990: test -s conftest.o
configure:4993: $? = 0
configure:5004: result: yes
configure:5007: checking size of long long
configure:5326: gcc -o conftest -Wall   conftest.c  >&5
configure:5329: $? = 0
configure:5331: ./conftest
configure:5334: $? = 0
configure:5357: result: 8
configure:5364: checking for size_t
configure:5388: gcc -c -Wall  conftest.c >&5
configure:5394: $? = 0
configure:5398: test -z 
			 || test ! -s conftest.err
configure:5401: $? = 0
configure:5404: test -s conftest.o
configure:5407: $? = 0
configure:5418: result: yes
configure:5421: checking size of size_t
configure:5740: gcc -o conftest -Wall   conftest.c  >&5
configure:5743: $? = 0
configure:5745: ./conftest
configure:5748: $? = 0
configure:5771: result: 4
configure:5778: checking for void *
configure:5802: gcc -c -Wall  conftest.c >&5
configure:5808: $? = 0
configure:5812: test -z 
			 || test ! -s conftest.err
configure:5815: $? = 0
configure:5818: test -s conftest.o
configure:5821: $? = 0
configure:5832: result: yes
configure:5835: checking size of void *
configure:6154: gcc -o conftest -Wall   conftest.c  >&5
configure:6157: $? = 0
configure:6159: ./conftest
configure:6162: $? = 0
configure:6185: result: 4
configure:6193: checking checking all necessary integer types are available and appropriate
configure:6234: gcc -o conftest -Wall   conftest.c  >&5
configure:6237: $? = 0
configure:6239: ./conftest
configure:6242: $? = 0
configure:6244: result: yes
configure:6259: checking if NULL pointers are represented as all zeroes in memory
configure:6319: gcc -o conftest -Wall   conftest.c  >&5
configure:6322: $? = 0
configure:6324: ./conftest
configure:6327: $? = 0
configure:6332: result: yes
configure:6354: checking byte alignment requirements
configure:6434: gcc -o conftest -Wall   conftest.c  >&5
configure:6437: $? = 0
configure:6439: ./conftest
configure:6442: $? = 104
configure: program exited with status 104
configure: failed program was:
| /* confdefs.h.  */
| 
| #define PACKAGE_NAME ""
| #define PACKAGE_TARNAME ""
| #define PACKAGE_VERSION ""
| #define PACKAGE_STRING ""
| #define PACKAGE_BUGREPORT ""
| #define HAVE_LIBPTHREAD 1
| #define STDC_HEADERS 1
| #define HAVE_SYS_TYPES_H 1
| #define HAVE_SYS_STAT_H 1
| #define HAVE_STDLIB_H 1
| #define HAVE_STRING_H 1
| #define HAVE_MEMORY_H 1
| #define HAVE_STRINGS_H 1
| #define HAVE_INTTYPES_H 1
| #define HAVE_STDINT_H 1
| #define HAVE_UNISTD_H 1
| #define SIZEOF_CHAR 1
| #define SIZEOF_SHORT 2
| #define SIZEOF_INT 4
| #define SIZEOF_LONG 4
| #define SIZEOF_LONG_LONG 8
| #define SIZEOF_SIZE_T 4
| #define SIZEOF_VOID_P 4
| #define STDARCH_NULL_IS_ZERO 1
| /* end confdefs.h.  */
| 
| #include <stdlib.h>
| #include <stddef.h>
| 
| struct {
|   char x;
|   long y;
| 
| } long_test;
| 
| struct {
|   char x;
| #if defined(_MSC_VER)
|   __int64 y;
| #elif (SIZEOF_LONG == 8)
|   long y;
| #elif (SIZEOF_LONG_LONG == 8)
|   long long y;
| #endif
| 
| } int64_test;
| 
| struct {
|   char        x;
|   long double y;
| 
| } long_double_test;
| 
| struct {
|   char   x;
|   void * y;
| 
| } voidp_test;
| 
| int main()
| {
|   ptrdiff_t max = (char*) &long_test.y - (char*) &long_test.x;
|   ptrdiff_t tmp;
| 
|   tmp = (char*) &int64_test.y - (char*) &int64_test.x;
| 
|   if (tmp > max) {
|     max = tmp;
|   }
| 
|   tmp = (char*) &voidp_test.y - (char*) &voidp_test.x;
| 
|   if (tmp > max) {
|     max = tmp;
|   }
| 
|   tmp = (char*) &long_double_test.y - (char*) &long_double_test.x;
| 
|   if (tmp > max) {
|     max = tmp;
|   }
| 
|   exit(100 + (int) max);
|   return 100 + (int) max;
| }
| 
configure:6461: result: 4
configure:6473: checking endianness of architecture
configure:6502: gcc -o conftest -Wall   conftest.c  >&5
configure:6505: $? = 0
configure:6507: ./conftest
configure:6510: $? = 101
configure: program exited with status 101
configure: failed program was:
| /* confdefs.h.  */
| 
| #define PACKAGE_NAME ""
| #define PACKAGE_TARNAME ""
| #define PACKAGE_VERSION ""
| #define PACKAGE_STRING ""
| #define PACKAGE_BUGREPORT ""
| #define HAVE_LIBPTHREAD 1
| #define STDC_HEADERS 1
| #define HAVE_SYS_TYPES_H 1
| #define HAVE_SYS_STAT_H 1
| #define HAVE_STDLIB_H 1
| #define HAVE_STRING_H 1
| #define HAVE_MEMORY_H 1
| #define HAVE_STRINGS_H 1
| #define HAVE_INTTYPES_H 1
| #define HAVE_STDINT_H 1
| #define HAVE_UNISTD_H 1
| #define SIZEOF_CHAR 1
| #define SIZEOF_SHORT 2
| #define SIZEOF_INT 4
| #define SIZEOF_LONG 4
| #define SIZEOF_LONG_LONG 8
| #define SIZEOF_SIZE_T 4
| #define SIZEOF_VOID_P 4
| #define STDARCH_NULL_IS_ZERO 1
| #define STDARCH_MAX_BYTE_ALIGNMENT 4
| /* end confdefs.h.  */
| 
| #include <stdlib.h>
| 
| int main()
| {
|   short  x    = 0x1;
|   char * xptr = (char*) &x;
| 
|   exit(100 + (xptr[0] == 1));  /* return 101 if bytes are opposite of network order, else 100 */
|   return 100 + (xptr[0] == 1);
| }
| 
configure:6577: gcc -o conftest -Wall   conftest.c  >&5
configure:6580: $? = 0
configure:6582: ./conftest
configure:6585: $? = 103
configure: program exited with status 103
configure: failed program was:
| /* confdefs.h.  */
| 
| #define PACKAGE_NAME ""
| #define PACKAGE_TARNAME ""
| #define PACKAGE_VERSION ""
| #define PACKAGE_STRING ""
| #define PACKAGE_BUGREPORT ""
| #define HAVE_LIBPTHREAD 1
| #define STDC_HEADERS 1
| #define HAVE_SYS_TYPES_H 1
| #define HAVE_SYS_STAT_H 1
| #define HAVE_STDLIB_H 1
| #define HAVE_STRING_H 1
| #define HAVE_MEMORY_H 1
| #define HAVE_STRINGS_H 1
| #define HAVE_INTTYPES_H 1
| #define HAVE_STDINT_H 1
| #define HAVE_UNISTD_H 1
| #define SIZEOF_CHAR 1
| #define SIZEOF_SHORT 2
| #define SIZEOF_INT 4
| #define SIZEOF_LONG 4
| #define SIZEOF_LONG_LONG 8
| #define SIZEOF_SIZE_T 4
| #define SIZEOF_VOID_P 4
| #define STDARCH_NULL_IS_ZERO 1
| #define STDARCH_MAX_BYTE_ALIGNMENT 4
| #define STDENDIAN16_SWAP 1
| /* end confdefs.h.  */
| 
| #include <stdlib.h>
| 
| int main()
| {
| #if (SIZEOF_INT == 4)
|   int x = 0x1;
| #elif (SIZEOF_LONG == 4)
|   long x = 0x1;
| #endif
|   char * xptr = (char*) &x;
|   int        i;
| 
|   x <<= 24;
| 
|   for (i = 0; i < sizeof(x) && xptr[i] == 0; ++i);
| 
|   exit(100 + i);
|   return 100 + i;
| }
| 
configure:6656: gcc -o conftest -Wall   conftest.c  >&5
configure:6659: $? = 0
configure:6661: ./conftest
configure:6664: $? = 102
configure: program exited with status 102
configure: failed program was:
| /* confdefs.h.  */
| 
| #define PACKAGE_NAME ""
| #define PACKAGE_TARNAME ""
| #define PACKAGE_VERSION ""
| #define PACKAGE_STRING ""
| #define PACKAGE_BUGREPORT ""
| #define HAVE_LIBPTHREAD 1
| #define STDC_HEADERS 1
| #define HAVE_SYS_TYPES_H 1
| #define HAVE_SYS_STAT_H 1
| #define HAVE_STDLIB_H 1
| #define HAVE_STRING_H 1
| #define HAVE_MEMORY_H 1
| #define HAVE_STRINGS_H 1
| #define HAVE_INTTYPES_H 1
| #define HAVE_STDINT_H 1
| #define HAVE_UNISTD_H 1
| #define SIZEOF_CHAR 1
| #define SIZEOF_SHORT 2
| #define SIZEOF_INT 4
| #define SIZEOF_LONG 4
| #define SIZEOF_LONG_LONG 8
| #define SIZEOF_SIZE_T 4
| #define SIZEOF_VOID_P 4
| #define STDARCH_NULL_IS_ZERO 1
| #define STDARCH_MAX_BYTE_ALIGNMENT 4
| #define STDENDIAN16_SWAP 1
| #define STDENDIAN32_NET0_FROM_HOST 3
| #define STDENDIAN32_HOST3_FROM_NET 0
| /* end confdefs.h.  */
| 
| #include <stdlib.h>
| 
| int main()
| {
| #if (SIZEOF_INT == 4)
|   int x = 0x1;
| #elif (SIZEOF_LONG == 4)
|   long x = 0x1;
| #endif
|   char * xptr = (char*) &x;
|   int        i;
| 
|   x <<= 16;
| 
|   for (i = 0; i < sizeof(x) && xptr[i] == 0; ++i);
| 
|   exit(100 + i);
|   return 100 + i;
| }
| 
configure:6735: gcc -o conftest -Wall   conftest.c  >&5
configure:6738: $? = 0
configure:6740: ./conftest
configure:6743: $? = 101
configure: program exited with status 101
configure: failed program was:
| /* confdefs.h.  */
| 
| #define PACKAGE_NAME ""
| #define PACKAGE_TARNAME ""
| #define PACKAGE_VERSION ""
| #define PACKAGE_STRING ""
| #define PACKAGE_BUGREPORT ""
| #define HAVE_LIBPTHREAD 1
| #define STDC_HEADERS 1
| #define HAVE_SYS_TYPES_H 1
| #define HAVE_SYS_STAT_H 1
| #define HAVE_STDLIB_H 1
| #define HAVE_STRING_H 1
| #define HAVE_MEMORY_H 1
| #define HAVE_STRINGS_H 1
| #define HAVE_INTTYPES_H 1
| #define HAVE_STDINT_H 1
| #define HAVE_UNISTD_H 1
| #define SIZEOF_CHAR 1
| #define SIZEOF_SHORT 2
| #define SIZEOF_INT 4
| #define SIZEOF_LONG 4
| #define SIZEOF_LONG_LONG 8
| #define SIZEOF_SIZE_T 4
| #define SIZEOF_VOID_P 4
| #define STDARCH_NULL_IS_ZERO 1
| #define STDARCH_MAX_BYTE_ALIGNMENT 4
| #define STDENDIAN16_SWAP 1
| #define STDENDIAN32_NET0_FROM_HOST 3
| #define STDENDIAN32_HOST3_FROM_NET 0
| #define STDENDIAN32_NET1_FROM_HOST 2
| #define STDENDIAN32_HOST2_FROM_NET 1
| /* end confdefs.h.  */
| 
| #include <stdlib.h>
| 
| int main()
| {
| #if (SIZEOF_INT == 4)
|   int x = 0x1;
| #elif (SIZEOF_LONG == 4)
|   long x = 0x1;
| #endif
|   char * xptr = (char*) &x;
|   int        i;
| 
|   x <<= 8;
| 
|   for (i = 0; i < sizeof(x) && xptr[i] == 0; ++i);
| 
|   exit(100 + i);
|   return 100 + i;
| }
| 
configure:6814: gcc -o conftest -Wall   conftest.c  >&5
configure:6817: $? = 0
configure:6819: ./conftest
configure:6822: $? = 100
configure: program exited with status 100
configure: failed program was:
| /* confdefs.h.  */
| 
| #define PACKAGE_NAME ""
| #define PACKAGE_TARNAME ""
| #define PACKAGE_VERSION ""
| #define PACKAGE_STRING ""
| #define PACKAGE_BUGREPORT ""
| #define HAVE_LIBPTHREAD 1
| #define STDC_HEADERS 1
| #define HAVE_SYS_TYPES_H 1
| #define HAVE_SYS_STAT_H 1
| #define HAVE_STDLIB_H 1
| #define HAVE_STRING_H 1
| #define HAVE_MEMORY_H 1
| #define HAVE_STRINGS_H 1
| #define HAVE_INTTYPES_H 1
| #define HAVE_STDINT_H 1
| #define HAVE_UNISTD_H 1
| #define SIZEOF_CHAR 1
| #define SIZEOF_SHORT 2
| #define SIZEOF_INT 4
| #define SIZEOF_LONG 4
| #define SIZEOF_LONG_LONG 8
| #define SIZEOF_SIZE_T 4
| #define SIZEOF_VOID_P 4
| #define STDARCH_NULL_IS_ZERO 1
| #define STDARCH_MAX_BYTE_ALIGNMENT 4
| #define STDENDIAN16_SWAP 1
| #define STDENDIAN32_NET0_FROM_HOST 3
| #define STDENDIAN32_HOST3_FROM_NET 0
| #define STDENDIAN32_NET1_FROM_HOST 2
| #define STDENDIAN32_HOST2_FROM_NET 1
| #define STDENDIAN32_NET2_FROM_HOST 1
| #define STDENDIAN32_HOST1_FROM_NET 2
| /* end confdefs.h.  */
| 
| #include <stdlib.h>
| 
| int main()
| {
| #if (SIZEOF_INT == 4)
|   int x = 0x1;
| #elif (SIZEOF_LONG == 4)
|   long x = 0x1;
| #endif
|   char * xptr = (char*) &x;
|   int        i;
| 
|   x <<= 0;
| 
|   for (i = 0; i < sizeof(x) && xptr[i] == 0; ++i);
| 
|   exit(100 + i);
|   return 100 + i;
| }
| 
configure:6895: gcc -o conftest -Wall   conftest.c  >&5
configure:6898: $? = 0
configure:6900: ./conftest
configure:6903: $? = 107
configure: program exited with status 107
configure: failed program was:
| /* confdefs.h.  */
| 
| #define PACKAGE_NAME ""
| #define PACKAGE_TARNAME ""
| #define PACKAGE_VERSION ""
| #define PACKAGE_STRING ""
| #define PACKAGE_BUGREPORT ""
| #define HAVE_LIBPTHREAD 1
| #define STDC_HEADERS 1
| #define HAVE_SYS_TYPES_H 1
| #define HAVE_SYS_STAT_H 1
| #define HAVE_STDLIB_H 1
| #define HAVE_STRING_H 1
| #define HAVE_MEMORY_H 1
| #define HAVE_STRINGS_H 1
| #define HAVE_INTTYPES_H 1
| #define HAVE_STDINT_H 1
| #define HAVE_UNISTD_H 1
| #define SIZEOF_CHAR 1
| #define SIZEOF_SHORT 2
| #define SIZEOF_INT 4
| #define SIZEOF_LONG 4
| #define SIZEOF_LONG_LONG 8
| #define SIZEOF_SIZE_T 4
| #define SIZEOF_VOID_P 4
| #define STDARCH_NULL_IS_ZERO 1
| #define STDARCH_MAX_BYTE_ALIGNMENT 4
| #define STDENDIAN16_SWAP 1
| #define STDENDIAN32_NET0_FROM_HOST 3
| #define STDENDIAN32_HOST3_FROM_NET 0
| #define STDENDIAN32_NET1_FROM_HOST 2
| #define STDENDIAN32_HOST2_FROM_NET 1
| #define STDENDIAN32_NET2_FROM_HOST 1
| #define STDENDIAN32_HOST1_FROM_NET 2
| #define STDENDIAN32_NET3_FROM_HOST 0
| #define STDENDIAN32_HOST0_FROM_NET 3
| /* end confdefs.h.  */
| 
| #include <stdlib.h>
| 
| int main()
| {
| #if defined(_MSC_VER)
|   __int64 x = 0x1;
| #elif (SIZEOF_LONG == 8)
|   long x = 0x1;
| #elif (SIZEOF_LONG_LONG == 8)
|   long long x = 0x1;
| #endif
|   char * xptr = (char*) &x;
|   int        i;
| 
|   x <<= 56;
| 
|   for (i = 0; i < sizeof(x) && xptr[i] == 0; ++i);
| 
|   exit(100 + i);
|   return 100 + i;
| }
| 
configure:6976: gcc -o conftest -Wall   conftest.c  >&5
configure:6979: $? = 0
configure:6981: ./conftest
configure:6984: $? = 106
configure: program exited with status 106
configure: failed program was:
| /* confdefs.h.  */
| 
| #define PACKAGE_NAME ""
| #define PACKAGE_TARNAME ""
| #define PACKAGE_VERSION ""
| #define PACKAGE_STRING ""
| #define PACKAGE_BUGREPORT ""
| #define HAVE_LIBPTHREAD 1
| #define STDC_HEADERS 1
| #define HAVE_SYS_TYPES_H 1
| #define HAVE_SYS_STAT_H 1
| #define HAVE_STDLIB_H 1
| #define HAVE_STRING_H 1
| #define HAVE_MEMORY_H 1
| #define HAVE_STRINGS_H 1
| #define HAVE_INTTYPES_H 1
| #define HAVE_STDINT_H 1
| #define HAVE_UNISTD_H 1
| #define SIZEOF_CHAR 1
| #define SIZEOF_SHORT 2
| #define SIZEOF_INT 4
| #define SIZEOF_LONG 4
| #define SIZEOF_LONG_LONG 8
| #define SIZEOF_SIZE_T 4
| #define SIZEOF_VOID_P 4
| #define STDARCH_NULL_IS_ZERO 1
| #define STDARCH_MAX_BYTE_ALIGNMENT 4
| #define STDENDIAN16_SWAP 1
| #define STDENDIAN32_NET0_FROM_HOST 3
| #define STDENDIAN32_HOST3_FROM_NET 0
| #define STDENDIAN32_NET1_FROM_HOST 2
| #define STDENDIAN32_HOST2_FROM_NET 1
| #define STDENDIAN32_NET2_FROM_HOST 1
| #define STDENDIAN32_HOST1_FROM_NET 2
| #define STDENDIAN32_NET3_FROM_HOST 0
| #define STDENDIAN32_HOST0_FROM_NET 3
| #define STDENDIAN64_NET0_FROM_HOST 7
| #define STDENDIAN64_HOST7_FROM_NET 0
| /* end confdefs.h.  */
| 
| #include <stdlib.h>
| 
| int main()
| {
| #if defined(_MSC_VER)
|   __int64 x = 0x1;
| #elif (SIZEOF_LONG == 8)
|   long x = 0x1;
| #elif (SIZEOF_LONG_LONG == 8)
|   long long x = 0x1;
| #endif
|   char * xptr = (char*) &x;
|   int        i;
| 
|   x <<= 48;
| 
|   for (i = 0; i < sizeof(x) && xptr[i] == 0; ++i);
| 
|   exit(100 + i);
|   return 100 + i;
| }
| 
configure:7057: gcc -o conftest -Wall   conftest.c  >&5
configure:7060: $? = 0
configure:7062: ./conftest
configure:7065: $? = 105
configure: program exited with status 105
configure: failed program was:
| /* confdefs.h.  */
| 
| #define PACKAGE_NAME ""
| #define PACKAGE_TARNAME ""
| #define PACKAGE_VERSION ""
| #define PACKAGE_STRING ""
| #define PACKAGE_BUGREPORT ""
| #define HAVE_LIBPTHREAD 1
| #define STDC_HEADERS 1
| #define HAVE_SYS_TYPES_H 1
| #define HAVE_SYS_STAT_H 1
| #define HAVE_STDLIB_H 1
| #define HAVE_STRING_H 1
| #define HAVE_MEMORY_H 1
| #define HAVE_STRINGS_H 1
| #define HAVE_INTTYPES_H 1
| #define HAVE_STDINT_H 1
| #define HAVE_UNISTD_H 1
| #define SIZEOF_CHAR 1
| #define SIZEOF_SHORT 2
| #define SIZEOF_INT 4
| #define SIZEOF_LONG 4
| #define SIZEOF_LONG_LONG 8
| #define SIZEOF_SIZE_T 4
| #define SIZEOF_VOID_P 4
| #define STDARCH_NULL_IS_ZERO 1
| #define STDARCH_MAX_BYTE_ALIGNMENT 4
| #define STDENDIAN16_SWAP 1
| #define STDENDIAN32_NET0_FROM_HOST 3
| #define STDENDIAN32_HOST3_FROM_NET 0
| #define STDENDIAN32_NET1_FROM_HOST 2
| #define STDENDIAN32_HOST2_FROM_NET 1
| #define STDENDIAN32_NET2_FROM_HOST 1
| #define STDENDIAN32_HOST1_FROM_NET 2
| #define STDENDIAN32_NET3_FROM_HOST 0
| #define STDENDIAN32_HOST0_FROM_NET 3
| #define STDENDIAN64_NET0_FROM_HOST 7
| #define STDENDIAN64_HOST7_FROM_NET 0
| #define STDENDIAN64_NET1_FROM_HOST 6
| #define STDENDIAN64_HOST6_FROM_NET 1
| /* end confdefs.h.  */
| 
| #include <stdlib.h>
| 
| int main()
| {
| #if defined(_MSC_VER)
|   __int64 x = 0x1;
| #elif (SIZEOF_LONG == 8)
|   long x = 0x1;
| #elif (SIZEOF_LONG_LONG == 8)
|   long long x = 0x1;
| #endif
|   char * xptr = (char*) &x;
|   int        i;
| 
|   x <<= 40;
| 
|   for (i = 0; i < sizeof(x) && xptr[i] == 0; ++i);
| 
|   exit(100 + i);
|   return 100 + i;
| }
| 
configure:7138: gcc -o conftest -Wall   conftest.c  >&5
configure:7141: $? = 0
configure:7143: ./conftest
configure:7146: $? = 104
configure: program exited with status 104
configure: failed program was:
| /* confdefs.h.  */
| 
| #define PACKAGE_NAME ""
| #define PACKAGE_TARNAME ""
| #define PACKAGE_VERSION ""
| #define PACKAGE_STRING ""
| #define PACKAGE_BUGREPORT ""
| #define HAVE_LIBPTHREAD 1
| #define STDC_HEADERS 1
| #define HAVE_SYS_TYPES_H 1
| #define HAVE_SYS_STAT_H 1
| #define HAVE_STDLIB_H 1
| #define HAVE_STRING_H 1
| #define HAVE_MEMORY_H 1
| #define HAVE_STRINGS_H 1
| #define HAVE_INTTYPES_H 1
| #define HAVE_STDINT_H 1
| #define HAVE_UNISTD_H 1
| #define SIZEOF_CHAR 1
| #define SIZEOF_SHORT 2
| #define SIZEOF_INT 4
| #define SIZEOF_LONG 4
| #define SIZEOF_LONG_LONG 8
| #define SIZEOF_SIZE_T 4
| #define SIZEOF_VOID_P 4
| #define STDARCH_NULL_IS_ZERO 1
| #define STDARCH_MAX_BYTE_ALIGNMENT 4
| #define STDENDIAN16_SWAP 1
| #define STDENDIAN32_NET0_FROM_HOST 3
| #define STDENDIAN32_HOST3_FROM_NET 0
| #define STDENDIAN32_NET1_FROM_HOST 2
| #define STDENDIAN32_HOST2_FROM_NET 1
| #define STDENDIAN32_NET2_FROM_HOST 1
| #define STDENDIAN32_HOST1_FROM_NET 2
| #define STDENDIAN32_NET3_FROM_HOST 0
| #define STDENDIAN32_HOST0_FROM_NET 3
| #define STDENDIAN64_NET0_FROM_HOST 7
| #define STDENDIAN64_HOST7_FROM_NET 0
| #define STDENDIAN64_NET1_FROM_HOST 6
| #define STDENDIAN64_HOST6_FROM_NET 1
| #define STDENDIAN64_NET2_FROM_HOST 5
| #define STDENDIAN64_HOST5_FROM_NET 2
| /* end confdefs.h.  */
| 
| #include <stdlib.h>
| 
| int main()
| {
| #if defined(_MSC_VER)
|   __int64 x = 0x1;
| #elif (SIZEOF_LONG == 8)
|   long x = 0x1;
| #elif (SIZEOF_LONG_LONG == 8)
|   long long x = 0x1;
| #endif
|   char * xptr = (char*) &x;
|   int        i;
| 
|   x <<= 32;
| 
|   for (i = 0; i < sizeof(x) && xptr[i] == 0; ++i);
| 
|   exit(100 + i);
|   return 100 + i;
| }
| 
configure:7219: gcc -o conftest -Wall   conftest.c  >&5
configure:7222: $? = 0
configure:7224: ./conftest
configure:7227: $? = 103
configure: program exited with status 103
configure: failed program was:
| /* confdefs.h.  */
| 
| #define PACKAGE_NAME ""
| #define PACKAGE_TARNAME ""
| #define PACKAGE_VERSION ""
| #define PACKAGE_STRING ""
| #define PACKAGE_BUGREPORT ""
| #define HAVE_LIBPTHREAD 1
| #define STDC_HEADERS 1
| #define HAVE_SYS_TYPES_H 1
| #define HAVE_SYS_STAT_H 1
| #define HAVE_STDLIB_H 1
| #define HAVE_STRING_H 1
| #define HAVE_MEMORY_H 1
| #define HAVE_STRINGS_H 1
| #define HAVE_INTTYPES_H 1
| #define HAVE_STDINT_H 1
| #define HAVE_UNISTD_H 1
| #define SIZEOF_CHAR 1
| #define SIZEOF_SHORT 2
| #define SIZEOF_INT 4
| #define SIZEOF_LONG 4
| #define SIZEOF_LONG_LONG 8
| #define SIZEOF_SIZE_T 4
| #define SIZEOF_VOID_P 4
| #define STDARCH_NULL_IS_ZERO 1
| #define STDARCH_MAX_BYTE_ALIGNMENT 4
| #define STDENDIAN16_SWAP 1
| #define STDENDIAN32_NET0_FROM_HOST 3
| #define STDENDIAN32_HOST3_FROM_NET 0
| #define STDENDIAN32_NET1_FROM_HOST 2
| #define STDENDIAN32_HOST2_FROM_NET 1
| #define STDENDIAN32_NET2_FROM_HOST 1
| #define STDENDIAN32_HOST1_FROM_NET 2
| #define STDENDIAN32_NET3_FROM_HOST 0
| #define STDENDIAN32_HOST0_FROM_NET 3
| #define STDENDIAN64_NET0_FROM_HOST 7
| #define STDENDIAN64_HOST7_FROM_NET 0
| #define STDENDIAN64_NET1_FROM_HOST 6
| #define STDENDIAN64_HOST6_FROM_NET 1
| #define STDENDIAN64_NET2_FROM_HOST 5
| #define STDENDIAN64_HOST5_FROM_NET 2
| #define STDENDIAN64_NET3_FROM_HOST 4
| #define STDENDIAN64_HOST4_FROM_NET 3
| /* end confdefs.h.  */
| 
| #include <stdlib.h>
| 
| int main()
| {
| #if defined(_MSC_VER)
|   __int64 x = 0x1;
| #elif (SIZEOF_LONG == 8)
|   long x = 0x1;
| #elif (SIZEOF_LONG_LONG == 8)
|   long long x = 0x1;
| #endif
|   char * xptr = (char*) &x;
|   int        i;
| 
|   x <<= 24;
| 
|   for (i = 0; i < sizeof(x) && xptr[i] == 0; ++i);
| 
|   exit(100 + i);
|   return 100 + i;
| }
| 
configure:7300: gcc -o conftest -Wall   conftest.c  >&5
configure:7303: $? = 0
configure:7305: ./conftest
configure:7308: $? = 102
configure: program exited with status 102
configure: failed program was:
| /* confdefs.h.  */
| 
| #define PACKAGE_NAME ""
| #define PACKAGE_TARNAME ""
| #define PACKAGE_VERSION ""
| #define PACKAGE_STRING ""
| #define PACKAGE_BUGREPORT ""
| #define HAVE_LIBPTHREAD 1
| #define STDC_HEADERS 1
| #define HAVE_SYS_TYPES_H 1
| #define HAVE_SYS_STAT_H 1
| #define HAVE_STDLIB_H 1
| #define HAVE_STRING_H 1
| #define HAVE_MEMORY_H 1
| #define HAVE_STRINGS_H 1
| #define HAVE_INTTYPES_H 1
| #define HAVE_STDINT_H 1
| #define HAVE_UNISTD_H 1
| #define SIZEOF_CHAR 1
| #define SIZEOF_SHORT 2
| #define SIZEOF_INT 4
| #define SIZEOF_LONG 4
| #define SIZEOF_LONG_LONG 8
| #define SIZEOF_SIZE_T 4
| #define SIZEOF_VOID_P 4
| #define STDARCH_NULL_IS_ZERO 1
| #define STDARCH_MAX_BYTE_ALIGNMENT 4
| #define STDENDIAN16_SWAP 1
| #define STDENDIAN32_NET0_FROM_HOST 3
| #define STDENDIAN32_HOST3_FROM_NET 0
| #define STDENDIAN32_NET1_FROM_HOST 2
| #define STDENDIAN32_HOST2_FROM_NET 1
| #define STDENDIAN32_NET2_FROM_HOST 1
| #define STDENDIAN32_HOST1_FROM_NET 2
| #define STDENDIAN32_NET3_FROM_HOST 0
| #define STDENDIAN32_HOST0_FROM_NET 3
| #define STDENDIAN64_NET0_FROM_HOST 7
| #define STDENDIAN64_HOST7_FROM_NET 0
| #define STDENDIAN64_NET1_FROM_HOST 6
| #define STDENDIAN64_HOST6_FROM_NET 1
| #define STDENDIAN64_NET2_FROM_HOST 5
| #define STDENDIAN64_HOST5_FROM_NET 2
| #define STDENDIAN64_NET3_FROM_HOST 4
| #define STDENDIAN64_HOST4_FROM_NET 3
| #define STDENDIAN64_NET4_FROM_HOST 3
| #define STDENDIAN64_HOST3_FROM_NET 4
| /* end confdefs.h.  */
| 
| #include <stdlib.h>
| 
| int main()
| {
| #if defined(_MSC_VER)
|   __int64 x = 0x1;
| #elif (SIZEOF_LONG == 8)
|   long x = 0x1;
| #elif (SIZEOF_LONG_LONG == 8)
|   long long x = 0x1;
| #endif
|   char * xptr = (char*) &x;
|   int        i;
| 
|   x <<= 16;
| 
|   for (i = 0; i < sizeof(x) && xptr[i] == 0; ++i);
| 
|   exit(100 + i);
|   return 100 + i;
| }
| 
configure:7381: gcc -o conftest -Wall   conftest.c  >&5
configure:7384: $? = 0
configure:7386: ./conftest
configure:7389: $? = 101
configure: program exited with status 101
configure: failed program was:
| /* confdefs.h.  */
| 
| #define PACKAGE_NAME ""
| #define PACKAGE_TARNAME ""
| #define PACKAGE_VERSION ""
| #define PACKAGE_STRING ""
| #define PACKAGE_BUGREPORT ""
| #define HAVE_LIBPTHREAD 1
| #define STDC_HEADERS 1
| #define HAVE_SYS_TYPES_H 1
| #define HAVE_SYS_STAT_H 1
| #define HAVE_STDLIB_H 1
| #define HAVE_STRING_H 1
| #define HAVE_MEMORY_H 1
| #define HAVE_STRINGS_H 1
| #define HAVE_INTTYPES_H 1
| #define HAVE_STDINT_H 1
| #define HAVE_UNISTD_H 1
| #define SIZEOF_CHAR 1
| #define SIZEOF_SHORT 2
| #define SIZEOF_INT 4
| #define SIZEOF_LONG 4
| #define SIZEOF_LONG_LONG 8
| #define SIZEOF_SIZE_T 4
| #define SIZEOF_VOID_P 4
| #define STDARCH_NULL_IS_ZERO 1
| #define STDARCH_MAX_BYTE_ALIGNMENT 4
| #define STDENDIAN16_SWAP 1
| #define STDENDIAN32_NET0_FROM_HOST 3
| #define STDENDIAN32_HOST3_FROM_NET 0
| #define STDENDIAN32_NET1_FROM_HOST 2
| #define STDENDIAN32_HOST2_FROM_NET 1
| #define STDENDIAN32_NET2_FROM_HOST 1
| #define STDENDIAN32_HOST1_FROM_NET 2
| #define STDENDIAN32_NET3_FROM_HOST 0
| #define STDENDIAN32_HOST0_FROM_NET 3
| #define STDENDIAN64_NET0_FROM_HOST 7
| #define STDENDIAN64_HOST7_FROM_NET 0
| #define STDENDIAN64_NET1_FROM_HOST 6
| #define STDENDIAN64_HOST6_FROM_NET 1
| #define STDENDIAN64_NET2_FROM_HOST 5
| #define STDENDIAN64_HOST5_FROM_NET 2
| #define STDENDIAN64_NET3_FROM_HOST 4
| #define STDENDIAN64_HOST4_FROM_NET 3
| #define STDENDIAN64_NET4_FROM_HOST 3
| #define STDENDIAN64_HOST3_FROM_NET 4
| #define STDENDIAN64_NET5_FROM_HOST 2
| #define STDENDIAN64_HOST2_FROM_NET 5
| /* end confdefs.h.  */
| 
| #include <stdlib.h>
| 
| int main()
| {
| #if defined(_MSC_VER)
|   __int64 x = 0x1;
| #elif (SIZEOF_LONG == 8)
|   long x = 0x1;
| #elif (SIZEOF_LONG_LONG == 8)
|   long long x = 0x1;
| #endif
|   char * xptr = (char*) &x;
|   int        i;
| 
|   x <<= 8;
| 
|   for (i = 0; i < sizeof(x) && xptr[i] == 0; ++i);
| 
|   exit(100 + i);
|   return 100 + i;
| }
| 
configure:7463: gcc -o conftest -Wall   conftest.c  >&5
configure:7466: $? = 0
configure:7468: ./conftest
configure:7471: $? = 100
configure: program exited with status 100
configure: failed program was:
| /* confdefs.h.  */
| 
| #define PACKAGE_NAME ""
| #define PACKAGE_TARNAME ""
| #define PACKAGE_VERSION ""
| #define PACKAGE_STRING ""
| #define PACKAGE_BUGREPORT ""
| #define HAVE_LIBPTHREAD 1
| #define STDC_HEADERS 1
| #define HAVE_SYS_TYPES_H 1
| #define HAVE_SYS_STAT_H 1
| #define HAVE_STDLIB_H 1
| #define HAVE_STRING_H 1
| #define HAVE_MEMORY_H 1
| #define HAVE_STRINGS_H 1
| #define HAVE_INTTYPES_H 1
| #define HAVE_STDINT_H 1
| #define HAVE_UNISTD_H 1
| #define SIZEOF_CHAR 1
| #define SIZEOF_SHORT 2
| #define SIZEOF_INT 4
| #define SIZEOF_LONG 4
| #define SIZEOF_LONG_LONG 8
| #define SIZEOF_SIZE_T 4
| #define SIZEOF_VOID_P 4
| #define STDARCH_NULL_IS_ZERO 1
| #define STDARCH_MAX_BYTE_ALIGNMENT 4
| #define STDENDIAN16_SWAP 1
| #define STDENDIAN32_NET0_FROM_HOST 3
| #define STDENDIAN32_HOST3_FROM_NET 0
| #define STDENDIAN32_NET1_FROM_HOST 2
| #define STDENDIAN32_HOST2_FROM_NET 1
| #define STDENDIAN32_NET2_FROM_HOST 1
| #define STDENDIAN32_HOST1_FROM_NET 2
| #define STDENDIAN32_NET3_FROM_HOST 0
| #define STDENDIAN32_HOST0_FROM_NET 3
| #define STDENDIAN64_NET0_FROM_HOST 7
| #define STDENDIAN64_HOST7_FROM_NET 0
| #define STDENDIAN64_NET1_FROM_HOST 6
| #define STDENDIAN64_HOST6_FROM_NET 1
| #define STDENDIAN64_NET2_FROM_HOST 5
| #define STDENDIAN64_HOST5_FROM_NET 2
| #define STDENDIAN64_NET3_FROM_HOST 4
| #define STDENDIAN64_HOST4_FROM_NET 3
| #define STDENDIAN64_NET4_FROM_HOST 3
| #define STDENDIAN64_HOST3_FROM_NET 4
| #define STDENDIAN64_NET5_FROM_HOST 2
| #define STDENDIAN64_HOST2_FROM_NET 5
| #define STDENDIAN64_NET6_FROM_HOST 1
| #define STDENDIAN64_HOST1_FROM_NET 6
| /* end confdefs.h.  */
| 
| #include <stdlib.h>
| 
| int main()
| {
| #if defined(_MSC_VER)
|   __int64 x = 0x1;
| #elif (SIZEOF_LONG == 8)
|   long x = 0x1;
| #elif (SIZEOF_LONG_LONG == 8)
|   long long x = 0x1;
| #endif
|   char * xptr = (char*) &x;
|   int        i;
| 
|   x <<= 0;
| 
|   for (i = 0; i < sizeof(x) && xptr[i] == 0; ++i);
| 
|   exit(100 + i);
|   return 100 + i;
| }
| 
configure:7494: result: done
configure:7602: creating ./config.status

## ---------------------- ##
## Running config.status. ##
## ---------------------- ##

This file was extended by config.status, which was
generated by GNU Autoconf 2.59.  Invocation command line was

  CONFIG_FILES    = 
  CONFIG_HEADERS  = 
  CONFIG_LINKS    = 
  CONFIG_COMMANDS = 
  $ ./config.status 

on oldfriend

config.status:670: creating src/Makefile
config.status:774: creating src/stdutil/private/stdarch_autoconf.h

## ---------------- ##
## Cache variables. ##
## ---------------- ##

ac_cv_build=i686-pc-linux-gnu
ac_cv_build_alias=i686-pc-linux-gnu
ac_cv_c_compiler_gnu=yes
ac_cv_env_CC_set=
ac_cv_env_CC_value=
ac_cv_env_CFLAGS_set=
ac_cv_env_CFLAGS_value=
ac_cv_env_CPPFLAGS_set=
ac_cv_env_CPPFLAGS_value=
ac_cv_env_CPP_set=
ac_cv_env_CPP_value=
ac_cv_env_LDFLAGS_set=
ac_cv_env_LDFLAGS_value=
ac_cv_env_build_alias_set=
ac_cv_env_build_alias_value=
ac_cv_env_host_alias_set=
ac_cv_env_host_alias_value=
ac_cv_env_target_alias_set=
ac_cv_env_target_alias_value=
ac_cv_exeext=
ac_cv_header_inttypes_h=yes
ac_cv_header_memory_h=yes
ac_cv_header_stdc=yes
ac_cv_header_stdint_h=yes
ac_cv_header_stdlib_h=yes
ac_cv_header_string_h=yes
ac_cv_header_strings_h=yes
ac_cv_header_sys_stat_h=yes
ac_cv_header_sys_types_h=yes
ac_cv_header_unistd_h=yes
ac_cv_host=i686-pc-linux-gnu
ac_cv_host_alias=i686-pc-linux-gnu
ac_cv_lib_posix4_sem_wait=no
ac_cv_lib_pthread_pthread_create=yes
ac_cv_lib_thread_thr_create=no
ac_cv_objext=o
ac_cv_path_AR=/usr/bin/ar
ac_cv_path_install='/usr/bin/install -c'
ac_cv_prog_CPP='gcc -E'
ac_cv_prog_ac_ct_CC=gcc
ac_cv_prog_cc_g=yes
ac_cv_prog_cc_stdc=
ac_cv_prog_egrep='grep -E'
ac_cv_sizeof_char=1
ac_cv_sizeof_int=4
ac_cv_sizeof_long=4
ac_cv_sizeof_long_long=8
ac_cv_sizeof_short=2
ac_cv_sizeof_size_t=4
ac_cv_sizeof_void_p=4
ac_cv_type_char=yes
ac_cv_type_int=yes
ac_cv_type_long=yes
ac_cv_type_long_long=yes
ac_cv_type_short=yes
ac_cv_type_size_t=yes
ac_cv_type_void_p=yes

## ----------------- ##
## Output variables. ##
## ----------------- ##

AR='/usr/bin/ar'
CC='gcc'
CFLAGS='-Wall'
CPP='gcc -E'
CPPFLAGS=''
DEFS='-DHAVE_CONFIG_H'
DYNLIBEXT='so'
ECHO_C=''
ECHO_N='-n'
ECHO_T=''
EGREP='grep -E'
EXEEXT=''
INSTALL_DATA='${INSTALL} -m 644'
INSTALL_PROGRAM='${INSTALL}'
INSTALL_SCRIPT='${INSTALL}'
LDFLAGS=''
LIBOBJS=''
LIBS=''
LN_S='ln -s'
LTLIBOBJS=''
OBJEXT='o'
PACKAGE_BUGREPORT=''
PACKAGE_NAME=''
PACKAGE_STRING=''
PACKAGE_TARNAME=''
PACKAGE_VERSION=''
PATH_SEPARATOR=':'
SHARED_LIBS='$(SHARED_LIBS)'
SHCC='gcc'
SHCFLAGS='-Wall -fPIC'
SHCPPFLAGS=''
SHELL='/bin/sh'
SHLD='gcc -shared'
SHLDFLAGS=' '
SHLIBS=''
STANDARD_LIBS='$(STATIC_THREADED_DEBUG_LIB) $(STATIC_THREADED_RELEASE_LIB) $(SHARED_THREADED_DEBUG_LIB) $(SHARED_THREADED_RELEASE_LIB)'
THLDFLAGS='-pthread '
THLIBS='-lpthread '
ac_ct_CC='gcc'
bindir='${exec_prefix}/bin'
build='i686-pc-linux-gnu'
build_alias=''
build_cpu='i686'
build_os='linux-gnu'
build_vendor='pc'
datadir='${prefix}/share'
exec_prefix='${prefix}'
host='i686-pc-linux-gnu'
host_alias=''
host_cpu='i686'
host_os='linux-gnu'
host_vendor='pc'
includedir='${prefix}/include'
infodir='${prefix}/info'
libdir='${exec_prefix}/lib'
libexecdir='${exec_prefix}/libexec'
localstatedir='${prefix}/var'
mandir='${prefix}/man'
oldincludedir='/usr/include'
prefix='/usr/local'
program_transform_name='s,x,x,'
sbindir='${exec_prefix}/sbin'
sharedstatedir='${prefix}/com'
sysconfdir='${prefix}/etc'
target_alias=''

## ----------- ##
## confdefs.h. ##
## ----------- ##

#define HAVE_INTTYPES_H 1
#define HAVE_LIBPTHREAD 1
#define HAVE_MEMORY_H 1
#define HAVE_STDINT_H 1
#define HAVE_STDLIB_H 1
#define HAVE_STRINGS_H 1
#define HAVE_STRING_H 1
#define HAVE_SYS_STAT_H 1
#define HAVE_SYS_TYPES_H 1
#define HAVE_UNISTD_H 1
#define PACKAGE_BUGREPORT ""
#define PACKAGE_NAME ""
#define PACKAGE_STRING ""
#define PACKAGE_TARNAME ""
#define PACKAGE_VERSION ""
#define SIZEOF_CHAR 1
#define SIZEOF_INT 4
#define SIZEOF_LONG 4
#define SIZEOF_LONG_LONG 8
#define SIZEOF_SHORT 2
#define SIZEOF_SIZE_T 4
#define SIZEOF_VOID_P 4
#define STDARCH_MAX_BYTE_ALIGNMENT 4
#define STDARCH_NULL_IS_ZERO 1
#define STDC_HEADERS 1
#define STDENDIAN16_SWAP 1
#define STDENDIAN32_HOST0_FROM_NET 3
#define STDENDIAN32_HOST1_FROM_NET 2
#define STDENDIAN32_HOST2_FROM_NET 1
#define STDENDIAN32_HOST3_FROM_NET 0
#define STDENDIAN32_NET0_FROM_HOST 3
#define STDENDIAN32_NET1_FROM_HOST 2
#define STDENDIAN32_NET2_FROM_HOST 1
#define STDENDIAN32_NET3_FROM_HOST 0
#define STDENDIAN64_HOST0_FROM_NET 7
#define STDENDIAN64_HOST1_FROM_NET 6
#define STDENDIAN64_HOST2_FROM_NET 5
#define STDENDIAN64_HOST3_FROM_NET 4
#define STDENDIAN64_HOST4_FROM_NET 3
#define STDENDIAN64_HOST5_FROM_NET 2
#define STDENDIAN64_HOST6_FROM_NET 1
#define STDENDIAN64_HOST7_FROM_NET 0
#define STDENDIAN64_NET0_FROM_HOST 7
#define STDENDIAN64_NET1_FROM_HOST 6
#define STDENDIAN64_NET2_FROM_HOST 5
#define STDENDIAN64_NET3_FROM_HOST 4
#define STDENDIAN64_NET4_FROM_HOST 3
#define STDENDIAN64_NET5_FROM_HOST 2
#define STDENDIAN64_NET6_FROM_HOST 1
#define STDENDIAN64_NET7_FROM_HOST 0

configure: exit 0
